E:\BAK\EX8_12\EX8_12\DEBUG\LIST8_12.OBJ
E:\BAK\EX8_12\EX8_12\DEBUG\VC110.PDB
E:\BAK\EX8_12\DEBUG\EX8_12.ILK
E:\BAK\EX8_12\DEBUG\EX8_12.EXE
E:\BAK\EX8_12\DEBUG\EX8_12.PDB
E:\bak\ex8_12\ex8_12\Debug\list8_12.obj
E:\bak\ex8_12\ex8_12\Debug\cl.command.1.tlog
E:\bak\ex8_12\ex8_12\Debug\CL.read.1.tlog
E:\bak\ex8_12\ex8_12\Debug\link-cvtres.read.1.tlog
E:\bak\ex8_12\ex8_12\Debug\link-cvtres.write.1.tlog
E:\bak\ex8_12\ex8_12\Debug\link-rc.read.1.tlog
E:\bak\ex8_12\ex8_12\Debug\link-rc.write.1.tlog
E:\bak\ex8_12\ex8_12\Debug\link.5668-cvtres.read.1.tlog
E:\bak\ex8_12\ex8_12\Debug\link.5668-cvtres.write.1.tlog
E:\bak\ex8_12\ex8_12\Debug\link.5668-rc.read.1.tlog
E:\bak\ex8_12\ex8_12\Debug\link.5668-rc.write.1.tlog
E:\bak\ex8_12\ex8_12\Debug\link.5668.read.1.tlog
E:\bak\ex8_12\ex8_12\Debug\link.5668.write.1.tlog
E:\bak\ex8_12\ex8_12\Debug\link.6188-cvtres.read.1.tlog
E:\bak\ex8_12\ex8_12\Debug\link.6188-cvtres.write.1.tlog
E:\bak\ex8_12\ex8_12\Debug\link.6188-rc.read.1.tlog
E:\bak\ex8_12\ex8_12\Debug\link.6188-rc.write.1.tlog
E:\bak\ex8_12\ex8_12\Debug\link.6188.read.1.tlog
E:\bak\ex8_12\ex8_12\Debug\link.6188.write.1.tlog
E:\bak\ex8_12\ex8_12\Debug\link.7024-cvtres.read.1.tlog
E:\bak\ex8_12\ex8_12\Debug\link.7024-cvtres.write.1.tlog
E:\bak\ex8_12\ex8_12\Debug\link.7024-rc.read.1.tlog
E:\bak\ex8_12\ex8_12\Debug\link.7024-rc.write.1.tlog
E:\bak\ex8_12\ex8_12\Debug\link.7024.read.1.tlog
E:\bak\ex8_12\ex8_12\Debug\link.7024.write.1.tlog
E:\bak\ex8_12\ex8_12\Debug\link.7220-cvtres.read.1.tlog
E:\bak\ex8_12\ex8_12\Debug\link.7220-cvtres.write.1.tlog
E:\bak\ex8_12\ex8_12\Debug\link.7220-rc.read.1.tlog
E:\bak\ex8_12\ex8_12\Debug\link.7220-rc.write.1.tlog
E:\bak\ex8_12\ex8_12\Debug\link.7220.read.1.tlog
E:\bak\ex8_12\ex8_12\Debug\link.7220.write.1.tlog
E:\bak\ex8_12\ex8_12\Debug\link.7364-cvtres.read.1.tlog
E:\bak\ex8_12\ex8_12\Debug\link.7364-cvtres.write.1.tlog
E:\bak\ex8_12\ex8_12\Debug\link.7364-rc.read.1.tlog
E:\bak\ex8_12\ex8_12\Debug\link.7364-rc.write.1.tlog
E:\bak\ex8_12\ex8_12\Debug\link.7364.read.1.tlog
E:\bak\ex8_12\ex8_12\Debug\link.7364.write.1.tlog
E:\bak\ex8_12\ex8_12\Debug\link.7540-cvtres.read.1.tlog
E:\bak\ex8_12\ex8_12\Debug\link.7540-cvtres.write.1.tlog
E:\bak\ex8_12\ex8_12\Debug\link.7540-rc.read.1.tlog
E:\bak\ex8_12\ex8_12\Debug\link.7540-rc.write.1.tlog
E:\bak\ex8_12\ex8_12\Debug\link.7540.read.1.tlog
E:\bak\ex8_12\ex8_12\Debug\link.7540.write.1.tlog
E:\bak\ex8_12\ex8_12\Debug\link.7772-cvtres.read.1.tlog
E:\bak\ex8_12\ex8_12\Debug\link.7772-cvtres.write.1.tlog
E:\bak\ex8_12\ex8_12\Debug\link.7772-rc.read.1.tlog
E:\bak\ex8_12\ex8_12\Debug\link.7772-rc.write.1.tlog
E:\bak\ex8_12\ex8_12\Debug\link.7772.read.1.tlog
E:\bak\ex8_12\ex8_12\Debug\link.7772.write.1.tlog
E:\bak\ex8_12\ex8_12\Debug\link.command.1.tlog
E:\bak\ex8_12\ex8_12\Debug\link.read.1.tlog
E:\bak\ex8_12\ex8_12\Debug\CL.write.1.tlog
E:\bak\ex8_12\ex8_12\Debug\link.write.1.tlog
E:\bak\ex8_12\ex8_12\Debug\vc110.idb
E:\bak\ex8_12\ex8_12\Debug\vc110.pdb
E:\bak\ex8_12\Debug\ex8_12.pdb
E:\bak\ex8_12\Debug\ex8_12.exe
E:\bak\ex8_12\Debug\ex8_12.ilk
